<?xml version="1.0" encoding="UTF-8"?>
<!-- Generated by org.testng.reporters.JUnitReportReporter -->
<testsuite hostname="DESKTOP-6T8U07T" failures="0" tests="1" name="testCases.GetUser" time="2.507" errors="0" timestamp="2022-07-28T10:42:07 EET" skipped="0">
  <testcase classname="testCases.GetUser" name="getRondomUserAndPrintHisEmail" time="2.507"/>
  <system-out/>
</testsuite> <!-- testCases.GetUser -->
