<?xml version="1.0" encoding="UTF-8"?>
<!-- Generated by org.testng.reporters.JUnitReportReporter -->
<testsuite hostname="DESKTOP-6T8U07T" failures="0" tests="1" name="testCases.CreatePost" time="2.558" errors="0" timestamp="2022-07-28T11:04:53 EET" skipped="0">
  <testcase classname="testCases.CreatePost" name="postFunction" time="2.558"/>
  <system-out/>
</testsuite> <!-- testCases.CreatePost -->
