<?xml version="1.0" encoding="UTF-8"?>
<!-- Generated by org.testng.reporters.JUnitReportReporter -->
<testsuite hostname="DESKTOP-6T8U07T" failures="0" tests="1" name="assignment.APIAutomation" time="2.437" errors="0" timestamp="2022-07-27T15:59:20 EET" skipped="0">
  <testcase classname="assignment.APIAutomation" name="getUserAndPrintHisEmail" time="2.437"/>
  <system-out/>
</testsuite> <!-- assignment.APIAutomation -->
