<?xml version="1.0" encoding="UTF-8"?>
<!-- Generated by org.testng.reporters.JUnitReportReporter -->
<testsuite hostname="DESKTOP-6T8U07T" failures="0" tests="1" name="testCases.GetUserPosts" time="2.648" errors="0" timestamp="2022-07-28T11:05:17 EET" skipped="0">
  <testcase classname="testCases.GetUserPosts" name="getUserPostsAndVerifyContainsValidsIDs" time="2.648"/>
  <system-out/>
</testsuite> <!-- testCases.GetUserPosts -->
